[27-Jun-2018 03:05:32] NOTICE: fpm is running, pid 14
[27-Jun-2018 03:05:32] NOTICE: ready to handle connections
[28-Jun-2018 23:43:19] NOTICE: Terminating ...
[28-Jun-2018 23:43:19] NOTICE: exiting, bye-bye!
[28-Jun-2018 23:43:27] NOTICE: fpm is running, pid 29
[28-Jun-2018 23:43:27] NOTICE: ready to handle connections
[01-Jul-2018 20:49:37] NOTICE: Terminating ...
[01-Jul-2018 20:49:37] NOTICE: exiting, bye-bye!
[03-Jul-2018 01:30:38] NOTICE: fpm is running, pid 8
[03-Jul-2018 01:30:38] NOTICE: ready to handle connections
[12-Jul-2018 00:49:28] NOTICE: fpm is running, pid 26
[12-Jul-2018 00:49:28] NOTICE: ready to handle connections
[13-Jul-2018 23:40:24] NOTICE: Terminating ...
[13-Jul-2018 23:40:24] NOTICE: exiting, bye-bye!
[14-Jul-2018 03:38:20] NOTICE: fpm is running, pid 25
[14-Jul-2018 03:38:20] NOTICE: ready to handle connections
[15-Jul-2018 17:28:52] NOTICE: Terminating ...
[15-Jul-2018 17:28:52] NOTICE: exiting, bye-bye!
[16-Jul-2018 20:21:08] NOTICE: fpm is running, pid 25
[16-Jul-2018 20:21:08] NOTICE: ready to handle connections
[21-Jul-2018 03:39:24] NOTICE: Terminating ...
[21-Jul-2018 03:39:24] NOTICE: exiting, bye-bye!
[22-Jul-2018 00:36:21] NOTICE: fpm is running, pid 25
[22-Jul-2018 00:36:21] NOTICE: ready to handle connections
[02-Aug-2018 01:45:53] NOTICE: Terminating ...
[02-Aug-2018 01:45:53] NOTICE: exiting, bye-bye!
[02-Aug-2018 23:24:01] NOTICE: fpm is running, pid 25
[02-Aug-2018 23:24:01] NOTICE: ready to handle connections
